SF:lib/app/app_router.dart
DA:9,0
DA:10,0
DA:11,0
DA:12,0
DA:13,0
DA:14,0
DA:15,0
DA:16,0
DA:17,0
DA:18,0
DA:19,0
DA:20,0
LF:12
LH:0
end_of_record
SF:lib/app/general/constants.dart
DA:7,0
DA:14,0
DA:33,0
DA:44,0
LF:4
LH:0
end_of_record
SF:lib/app/theme/colors.dart
DA:5,0
DA:24,0
DA:40,3
DA:42,0
LF:4
LH:1
end_of_record
SF:lib/features/addEntry/ui/add_entry_view_model.dart
DA:14,2
DA:16,2
DA:18,3
DA:23,1
DA:24,3
DA:27,1
DA:28,4
DA:31,4
DA:33,4
DA:35,1
DA:36,1
DA:37,1
DA:40,1
DA:42,3
DA:44,1
DA:47,1
DA:48,2
DA:49,1
DA:52,1
DA:53,1
DA:55,1
DA:59,0
DA:61,0
DA:63,0
DA:65,0
DA:68,0
DA:69,0
DA:73,0
DA:74,0
LF:29
LH:21
end_of_record
SF:lib/features/shared/models/new_entry.dart
DA:13,13
DA:18,0
DA:20,0
DA:22,0
DA:23,0
DA:25,0
DA:29,0
DA:32,0
DA:33,0
LF:9
LH:1
end_of_record
SF:lib/features/shared/models/new_entry.g.dart
DA:9,0
DA:10,0
DA:11,0
DA:14,0
DA:15,0
DA:16,0
LF:6
LH:0
end_of_record
SF:lib/features/shared/services/http_service.dart
DA:10,0
DA:11,0
DA:18,0
DA:24,0
DA:25,0
DA:26,0
DA:29,0
DA:31,0
DA:32,0
DA:37,0
DA:45,0
DA:46,0
DA:47,0
DA:50,0
DA:52,0
DA:53,0
DA:58,0
DA:65,0
DA:66,0
DA:68,0
DA:70,0
DA:72,0
DA:73,0
DA:78,0
DA:85,0
DA:86,0
DA:87,0
DA:90,0
DA:92,0
DA:93,0
LF:30
LH:0
end_of_record
SF:lib/features/shared/services/api_service.dart
DA:14,0
DA:15,0
DA:21,0
LF:3
LH:0
end_of_record
SF:lib/features/shared/services/get_it.dart
DA:17,39
DA:20,0
DA:21,0
DA:23,0
DA:24,0
DA:25,0
DA:26,0
DA:27,0
DA:28,0
DA:29,0
DA:30,0
DA:31,0
DA:32,0
DA:33,0
DA:36,0
DA:37,0
LF:16
LH:1
end_of_record
SF:lib/features/shared/services/services.dart
DA:16,0
DA:17,0
DA:20,0
DA:21,0
DA:24,10
DA:25,20
DA:28,4
DA:29,8
DA:32,2
DA:33,4
DA:36,6
DA:37,12
DA:40,2
DA:41,4
DA:44,2
DA:45,4
DA:48,7
DA:49,14
DA:52,3
DA:53,6
DA:56,4
DA:57,8
DA:62,0
DA:63,0
DA:66,0
DA:67,0
LF:26
LH:18
end_of_record
SF:lib/features/shared/services/toast_service.dart
DA:18,1
DA:19,2
DA:20,1
DA:22,1
DA:25,0
DA:32,0
DA:37,0
DA:39,0
DA:40,0
DA:43,0
DA:44,0
DA:46,0
DA:48,0
DA:49,0
DA:50,0
DA:51,0
DA:54,0
DA:56,0
DA:58,0
DA:59,0
DA:60,0
DA:61,0
DA:62,0
DA:63,0
DA:64,0
DA:66,0
DA:67,0
DA:69,0
DA:72,0
DA:74,0
DA:75,0
DA:77,0
DA:84,0
DA:88,0
DA:92,0
DA:94,0
DA:96,0
DA:99,0
DA:100,0
LF:39
LH:4
end_of_record
SF:lib/features/shared/factory/factory.dart
DA:7,0
DA:9,13
DA:20,26
DA:27,26
DA:36,0
DA:41,0
DA:42,0
LF:7
LH:3
end_of_record
SF:lib/features/shared/models/journal_entry.dart
DA:27,0
DA:28,0
DA:32,13
DA:41,0
DA:43,2
DA:45,0
DA:47,0
LF:7
LH:2
end_of_record
SF:lib/features/shared/models/journal_entry.g.dart
DA:9,0
DA:10,0
DA:11,0
DA:12,0
DA:13,0
DA:14,0
DA:15,0
DA:18,1
DA:19,1
DA:20,1
DA:21,1
DA:22,1
DA:23,2
DA:24,2
DA:25,1
LF:15
LH:8
end_of_record
SF:lib/features/authentication/models/user.dart
DA:9,13
DA:17,0
DA:19,0
DA:20,0
DA:22,0
DA:24,0
LF:6
LH:1
end_of_record
SF:lib/features/authentication/models/user.g.dart
DA:9,0
DA:10,0
DA:11,0
DA:12,0
DA:13,0
DA:14,0
DA:17,0
DA:18,0
DA:19,0
DA:20,0
DA:21,0
DA:22,0
LF:12
LH:0
end_of_record
SF:lib/features/authentication/services/auth_service.dart
DA:15,0
DA:18,0
DA:19,0
DA:20,0
DA:21,0
DA:24,0
DA:25,0
DA:26,0
DA:33,0
DA:34,0
DA:35,0
DA:36,0
DA:37,0
DA:41,0
DA:43,0
DA:44,0
DA:45,0
DA:52,0
DA:53,0
DA:54,0
DA:55,0
DA:56,0
DA:64,0
DA:66,0
DA:68,0
DA:69,0
LF:26
LH:0
end_of_record
SF:lib/features/authentication/services/image_service.dart
DA:15,1
DA:16,1
DA:17,1
DA:18,1
DA:19,1
DA:22,2
DA:23,2
DA:26,0
DA:29,3
DA:30,3
DA:31,3
DA:32,3
DA:33,3
DA:36,6
DA:38,3
LF:15
LH:14
end_of_record
SF:lib/features/authentication/services/token_service.dart
DA:9,0
DA:11,0
DA:13,0
DA:16,0
DA:20,0
DA:21,0
DA:22,0
DA:26,0
DA:28,0
DA:29,0
DA:31,0
DA:32,0
DA:39,0
DA:40,0
DA:41,0
LF:15
LH:0
end_of_record
SF:lib/features/authentication/services/user_service.dart
DA:13,0
DA:19,0
DA:21,0
DA:25,0
DA:26,0
DA:28,0
DA:30,0
DA:34,0
DA:35,0
DA:37,0
DA:39,0
DA:40,0
DA:41,0
DA:42,0
DA:45,0
DA:47,0
DA:51,0
DA:53,0
DA:55,0
DA:56,0
DA:57,0
DA:58,0
DA:62,0
DA:65,0
DA:66,0
DA:73,0
DA:74,0
DA:75,0
DA:76,0
DA:80,0
DA:81,0
DA:82,0
DA:83,0
DA:86,0
DA:87,0
DA:88,0
DA:91,0
DA:92,0
DA:93,0
DA:96,0
DA:97,0
DA:98,0
DA:101,0
DA:102,0
DA:103,0
DA:106,0
DA:107,0
DA:109,0
LF:48
LH:0
end_of_record
SF:lib/features/entry/models/updated_entry.dart
DA:12,13
DA:17,0
DA:19,2
DA:21,0
DA:22,0
DA:24,1
DA:28,7
DA:31,0
DA:32,0
LF:9
LH:4
end_of_record
SF:lib/features/entry/models/updated_entry.g.dart
DA:9,0
DA:10,0
DA:11,0
DA:14,1
DA:15,1
DA:16,1
DA:17,1
LF:7
LH:4
end_of_record
SF:lib/features/journal/services/journal_entry_service.dart
DA:20,0
DA:22,0
DA:25,0
DA:26,0
DA:30,0
DA:33,0
DA:36,0
DA:38,0
DA:41,0
DA:44,0
DA:49,0
DA:51,0
DA:53,0
DA:54,0
DA:55,0
DA:56,0
DA:60,0
DA:66,0
DA:68,0
DA:70,0
DA:71,0
DA:72,0
DA:73,0
DA:77,0
DA:83,0
DA:85,0
DA:87,0
DA:88,0
LF:28
LH:0
end_of_record
SF:lib/features/mood/models/mood.dart
DA:10,0
DA:11,0
DA:14,3
LF:3
LH:1
end_of_record
SF:lib/features/shared/abstractions/base_user.dart
DA:19,13
DA:32,7
DA:36,2
DA:37,6
DA:38,6
DA:39,6
DA:40,6
DA:41,6
DA:44,0
DA:46,0
LF:10
LH:8
end_of_record
SF:lib/features/shared/services/mood_service.dart
DA:15,6
DA:16,2
DA:17,2
DA:18,2
DA:19,2
DA:20,2
DA:27,0
DA:30,0
DA:32,0
DA:41,1
DA:42,2
DA:48,0
DA:49,0
LF:13
LH:8
end_of_record
SF:lib/features/shared/services/time_service.dart
DA:6,1
DA:7,2
DA:11,0
DA:12,0
DA:16,1
DA:17,4
DA:21,0
DA:22,0
DA:26,1
DA:27,2
LF:10
LH:6
end_of_record
SF:lib/features/shared/utilities/popup_parameters.dart
DA:16,39
LF:1
LH:1
end_of_record
SF:lib/features/shared/utilities/string_extensions.dart
DA:2,13
DA:3,65
LF:2
LH:2
end_of_record
SF:lib/features/addEntry/ui/add_entry_view.dart
DA:19,0
DA:21,0
DA:23,0
DA:24,0
DA:26,0
DA:27,0
DA:28,0
DA:29,0
DA:30,0
DA:33,0
DA:34,0
DA:35,0
DA:37,0
DA:38,0
DA:40,0
DA:41,0
DA:42,0
DA:43,0
DA:47,0
DA:48,0
DA:49,0
DA:50,0
DA:51,0
DA:52,0
DA:53,0
DA:55,0
DA:56,0
DA:57,0
DA:58,0
DA:60,0
DA:68,0
DA:69,0
DA:70,0
DA:71,0
DA:78,0
DA:80,0
DA:81,0
DA:82,0
DA:83,0
DA:84,0
DA:85,0
DA:86,0
DA:90,0
LF:43
LH:0
end_of_record
SF:lib/features/authentication/ui/memberInfo/member_info_view.dart
DA:17,1
DA:36,1
DA:38,1
DA:39,2
DA:40,1
DA:41,1
DA:42,3
DA:43,3
DA:45,1
DA:46,1
DA:47,1
DA:48,1
DA:51,1
DA:54,1
DA:55,1
DA:56,1
DA:57,1
DA:59,4
DA:60,1
DA:61,1
DA:62,1
DA:67,1
DA:70,1
DA:72,0
DA:77,1
DA:85,1
DA:86,1
DA:87,1
DA:88,1
DA:89,1
DA:90,1
DA:91,1
DA:92,1
DA:93,1
DA:95,1
DA:97,1
DA:98,1
DA:99,1
DA:100,1
DA:102,1
DA:106,1
DA:107,0
DA:108,2
DA:109,2
DA:112,1
DA:115,3
DA:116,0
DA:120,1
DA:121,1
DA:122,1
DA:123,1
DA:126,1
DA:127,1
DA:128,0
DA:129,4
DA:132,1
DA:136,3
DA:139,1
DA:140,1
DA:141,1
DA:142,1
DA:144,1
DA:145,1
DA:146,0
DA:147,2
DA:148,2
DA:158,1
DA:159,1
DA:161,1
DA:166,3
DA:167,0
DA:171,1
DA:172,1
DA:173,1
DA:174,1
DA:176,1
DA:177,2
DA:179,1
DA:180,0
DA:181,1
DA:185,3
DA:188,1
DA:189,1
DA:190,0
DA:191,0
DA:193,0
DA:197,0
DA:203,1
LF:88
LH:77
end_of_record
SF:lib/features/authentication/ui/signIn/signin_view.dart
DA:14,1
DA:25,1
DA:27,1
DA:29,2
DA:30,2
DA:31,1
DA:32,1
DA:33,1
DA:34,1
DA:35,1
DA:37,1
DA:40,4
DA:41,1
DA:42,1
DA:43,1
DA:45,1
DA:51,0
DA:52,0
DA:53,0
DA:56,0
DA:58,0
DA:59,0
DA:60,0
DA:62,0
DA:63,0
DA:67,0
DA:75,0
DA:76,0
DA:77,0
DA:78,0
DA:80,0
DA:82,0
DA:83,0
DA:84,0
DA:85,0
DA:86,0
DA:88,0
DA:89,0
DA:90,0
DA:91,0
DA:93,0
DA:94,0
DA:95,0
DA:101,0
DA:102,0
DA:103,0
DA:105,0
DA:107,0
DA:108,0
DA:111,0
DA:115,0
DA:116,0
DA:117,0
DA:122,0
DA:123,0
DA:125,0
DA:130,0
DA:131,0
LF:58
LH:16
end_of_record
SF:lib/features/authentication/ui/signUp/ui/signup_view.dart
DA:14,1
DA:26,1
DA:28,1
DA:29,2
DA:30,1
DA:31,1
DA:33,3
DA:36,3
DA:38,3
DA:41,1
DA:42,1
DA:43,1
DA:44,1
DA:47,1
DA:50,1
DA:51,1
DA:52,1
DA:53,1
DA:56,1
DA:57,1
DA:58,1
DA:63,1
DA:66,1
DA:68,0
DA:73,1
DA:81,1
DA:82,1
DA:84,1
DA:85,1
DA:86,1
DA:87,1
DA:88,1
DA:89,1
DA:90,1
DA:91,1
DA:92,1
DA:93,1
DA:94,1
DA:97,1
DA:98,1
DA:99,0
DA:100,0
DA:101,0
DA:104,0
DA:108,0
DA:109,0
DA:112,0
LF:47
LH:39
end_of_record
SF:lib/features/entry/ui/entry_view.dart
DA:21,0
DA:23,0
DA:25,0
DA:26,0
DA:27,0
DA:28,0
DA:30,0
DA:31,0
DA:32,0
DA:33,0
DA:34,0
DA:35,0
DA:36,0
DA:37,0
DA:38,0
DA:41,0
DA:42,0
DA:44,0
DA:45,0
DA:46,0
DA:47,0
DA:51,0
DA:52,0
DA:53,0
DA:54,0
DA:55,0
DA:56,0
DA:58,0
DA:59,0
DA:60,0
DA:61,0
DA:62,0
DA:63,0
DA:65,0
DA:66,0
DA:67,0
DA:70,0
DA:72,0
DA:73,0
DA:76,0
DA:77,0
DA:82,0
DA:84,0
DA:85,0
DA:86,0
DA:88,0
DA:89,0
DA:90,0
DA:93,0
DA:94,0
DA:99,0
DA:102,0
DA:104,0
DA:108,0
DA:111,0
DA:112,0
DA:114,0
DA:115,0
DA:116,0
DA:118,0
DA:120,0
DA:123,0
DA:126,0
DA:128,0
LF:64
LH:0
end_of_record
SF:lib/features/farewell/farewell_view.dart
DA:8,13
DA:10,0
DA:13,0
DA:14,0
DA:15,0
DA:16,0
DA:18,0
DA:19,0
DA:20,0
DA:22,0
DA:23,0
DA:24,0
DA:27,0
LF:13
LH:1
end_of_record
SF:lib/features/journal/ui/journal_view.dart
DA:21,13
DA:23,0
DA:25,0
DA:26,0
DA:27,0
DA:28,0
DA:30,0
DA:31,0
DA:34,0
DA:35,0
DA:37,0
DA:38,0
DA:39,0
DA:43,0
DA:44,0
DA:45,0
DA:48,0
DA:49,0
DA:51,0
DA:52,0
DA:53,0
DA:54,0
DA:56,0
DA:57,0
DA:58,0
DA:59,0
DA:60,0
DA:61,0
DA:69,0
DA:70,0
DA:71,0
DA:73,0
DA:74,0
DA:75,0
DA:76,0
DA:88,0
DA:90,0
DA:92,0
DA:102,0
DA:103,0
DA:104,0
DA:107,0
DA:108,0
LF:43
LH:1
end_of_record
SF:lib/features/mood/ui/mood_view.dart
DA:16,13
DA:18,0
DA:20,0
DA:21,0
DA:22,0
DA:23,0
DA:24,0
DA:25,0
DA:27,0
DA:28,0
DA:29,0
DA:31,0
DA:32,0
DA:33,0
DA:37,0
DA:38,0
DA:39,0
DA:41,0
DA:43,0
DA:61,0
DA:62,0
DA:63,0
DA:64,0
DA:72,0
DA:73,0
DA:76,0
DA:78,0
DA:81,0
DA:83,0
DA:85,0
DA:87,0
DA:88,0
DA:94,0
DA:96,0
DA:98,0
DA:99,0
LF:36
LH:1
end_of_record
SF:lib/features/profile/edit_profile/edit_profile_view.dart
DA:16,13
DA:18,0
DA:20,0
DA:21,0
DA:22,0
DA:23,0
DA:25,0
DA:26,0
DA:27,0
DA:29,0
DA:30,0
DA:32,0
DA:33,0
DA:34,0
DA:38,0
DA:39,0
DA:40,0
DA:42,0
DA:43,0
DA:44,0
DA:45,0
DA:50,0
DA:51,0
DA:52,0
DA:53,0
DA:54,0
DA:56,0
DA:57,0
DA:58,0
DA:59,0
DA:60,0
DA:61,0
DA:62,0
DA:64,0
DA:66,0
DA:67,0
DA:70,0
DA:73,0
DA:74,0
DA:78,0
DA:79,0
DA:80,0
DA:81,0
DA:83,0
DA:85,0
DA:86,0
DA:89,0
DA:92,0
DA:93,0
DA:97,0
DA:98,0
DA:99,0
DA:100,0
DA:101,0
DA:103,0
DA:104,0
DA:107,0
DA:108,0
DA:112,0
DA:113,0
DA:115,0
DA:116,0
DA:117,0
DA:118,0
DA:128,0
DA:129,0
DA:131,0
DA:136,0
DA:137,0
DA:140,0
DA:141,0
DA:142,0
DA:144,0
DA:145,0
DA:147,0
DA:148,0
DA:149,0
DA:151,0
DA:153,0
DA:154,0
DA:155,0
DA:156,0
DA:160,0
DA:163,0
DA:164,0
DA:165,0
DA:170,0
DA:172,0
LF:88
LH:1
end_of_record
SF:lib/features/profile/profile_settings/ui/profile_settings_view.dart
DA:15,13
DA:17,0
DA:19,0
DA:20,0
DA:21,0
DA:22,0
DA:23,0
DA:25,0
DA:26,0
DA:28,0
DA:29,0
DA:33,0
DA:35,0
DA:37,0
DA:39,0
DA:40,0
DA:41,0
DA:42,0
DA:44,0
DA:46,0
DA:60,13
DA:62,0
DA:64,0
DA:65,0
LF:24
LH:2
end_of_record
SF:lib/app/resources/reusables.dart
DA:5,0
DA:6,2
DA:7,2
DA:8,0
DA:9,0
DA:10,4
DA:11,0
DA:12,0
DA:13,2
DA:14,0
DA:15,4
DA:16,0
DA:18,0
LF:13
LH:5
end_of_record
SF:lib/app/theme/theme.dart
DA:7,0
DA:9,0
DA:14,0
DA:16,0
DA:22,0
DA:23,0
DA:28,0
DA:29,0
DA:30,0
DA:31,0
DA:32,0
DA:38,0
DA:39,0
DA:44,0
DA:49,0
DA:50,0
DA:61,0
DA:63,0
DA:70,0
DA:71,0
DA:76,0
DA:77,0
DA:79,0
DA:80,0
DA:104,0
DA:109,0
DA:112,0
DA:128,0
DA:130,0
DA:135,0
DA:155,8
DA:157,6
DA:158,4
DA:159,4
DA:160,4
DA:161,2
DA:162,4
DA:163,4
DA:171,2
DA:172,2
LF:40
LH:10
end_of_record
SF:lib/features/shared/services/string_service.dart
DA:21,78
DA:37,1
DA:42,0
DA:43,0
DA:44,0
DA:45,0
DA:46,0
DA:47,0
DA:48,0
DA:49,0
DA:50,0
DA:51,0
DA:52,0
DA:53,0
DA:55,0
DA:63,2
DA:64,2
DA:66,2
DA:68,1
DA:70,1
DA:72,1
DA:74,1
DA:81,2
DA:82,4
DA:85,2
DA:86,4
DA:89,2
DA:90,4
DA:93,2
DA:94,4
DA:97,2
DA:98,4
DA:101,0
DA:102,0
DA:105,0
DA:106,0
DA:109,2
DA:110,4
DA:114,1
DA:116,2
DA:124,0
DA:126,0
DA:128,0
DA:129,0
DA:130,0
DA:133,0
DA:134,0
DA:143,2
DA:144,10
DA:148,1
DA:149,2
DA:152,1
DA:154,1
DA:156,1
DA:158,1
LF:55
LH:31
end_of_record
SF:lib/features/shared/ui/base_scaffold.dart
DA:15,0
DA:26,0
DA:27,0
DA:28,0
DA:29,0
DA:31,0
DA:35,0
DA:36,0
DA:37,0
DA:38,0
DA:41,0
DA:42,0
DA:45,0
DA:46,0
DA:50,0
DA:51,0
DA:53,0
LF:17
LH:0
end_of_record
SF:lib/features/shared/ui/button/custom_back_button.dart
DA:9,2
DA:16,2
DA:17,2
DA:18,2
DA:19,2
DA:21,2
DA:22,2
LF:7
LH:7
end_of_record
SF:lib/features/shared/ui/button/selectable_button.dart
DA:10,2
DA:19,2
DA:21,2
DA:23,2
DA:24,2
DA:25,2
DA:26,2
DA:27,6
DA:28,2
DA:29,2
DA:30,2
DA:31,2
DA:32,2
DA:33,2
DA:34,2
LF:15
LH:15
end_of_record
SF:lib/features/shared/ui/widgets/form_container.dart
DA:12,0
DA:21,0
DA:23,0
DA:24,0
DA:31,0
DA:33,0
DA:34,0
DA:35,0
DA:36,0
DA:38,0
DA:39,0
DA:40,0
DA:41,0
DA:42,0
DA:43,0
DA:44,0
DA:45,0
DA:51,0
LF:18
LH:0
end_of_record
SF:lib/features/shared/ui/widgets/profile_icon.dart
DA:9,0
DA:16,0
DA:19,0
DA:20,0
DA:21,0
DA:24,0
DA:25,0
DA:30,0
DA:31,0
DA:32,0
LF:10
LH:0
end_of_record
SF:lib/features/shared/utilities/response_handler.dart
DA:9,0
DA:13,6
DA:14,12
DA:18,0
DA:19,0
DA:20,0
DA:24,0
DA:25,0
DA:26,0
DA:27,0
LF:10
LH:2
end_of_record
SF:lib/features/authentication/models/token_response.dart
DA:10,0
DA:12,0
DA:14,0
LF:3
LH:0
end_of_record
SF:lib/features/authentication/models/token_response.g.dart
DA:9,0
DA:10,0
DA:11,0
DA:14,0
DA:15,0
DA:16,0
LF:6
LH:0
end_of_record
SF:lib/features/shared/utilities/iamge_cacher.dart
DA:12,1
DA:13,1
LF:2
LH:2
end_of_record
SF:lib/features/shared/utilities/random_number_generator.dart
DA:5,0
DA:7,9
DA:10,3
DA:11,9
DA:15,0
DA:16,0
LF:6
LH:3
end_of_record
SF:lib/features/authentication/ui/memberInfo/member_info_view_model.dart
DA:23,4
DA:25,4
DA:27,2
DA:29,2
DA:31,2
DA:33,4
DA:36,1
DA:37,1
DA:38,2
DA:39,1
DA:40,2
DA:41,1
DA:42,2
DA:43,1
DA:44,2
DA:48,2
DA:49,2
DA:50,2
DA:51,2
DA:54,2
DA:55,6
DA:58,6
DA:61,6
DA:62,6
DA:63,6
DA:64,6
DA:67,1
DA:68,5
DA:70,4
DA:72,3
DA:74,1
DA:77,1
DA:78,5
DA:80,4
DA:82,3
DA:84,1
DA:87,1
DA:89,3
DA:91,3
DA:93,1
DA:96,1
DA:97,1
DA:98,1
DA:101,1
DA:102,2
DA:105,2
DA:106,1
DA:108,2
DA:110,1
DA:114,1
DA:115,3
DA:118,1
DA:121,0
DA:122,0
LF:54
LH:52
end_of_record
SF:lib/features/shared/ui/widgets/clear_icon.dart
DA:5,0
DA:10,0
DA:11,0
DA:12,0
LF:4
LH:0
end_of_record
SF:lib/features/shared/utilities/widget_keys.dart
DA:6,0
DA:8,2
DA:9,2
DA:10,2
DA:11,2
DA:12,2
DA:13,2
LF:7
LH:6
end_of_record
SF:lib/features/authentication/ui/mixins/password_mixin.dart
DA:11,0
DA:12,0
DA:14,1
DA:15,2
DA:16,1
DA:19,2
DA:20,4
DA:21,6
DA:22,2
DA:25,1
DA:26,1
DA:27,1
DA:30,0
DA:31,0
DA:32,0
DA:35,1
DA:36,1
DA:37,1
DA:40,0
DA:41,0
DA:43,0
DA:45,0
DA:47,0
DA:49,0
DA:56,0
LF:25
LH:13
end_of_record
SF:lib/features/authentication/ui/signIn/signin_view_model.dart
DA:22,4
DA:24,1
DA:25,6
DA:28,2
DA:29,2
DA:30,2
DA:33,2
DA:34,2
DA:36,4
DA:38,3
DA:41,1
DA:45,1
DA:48,2
DA:49,2
DA:50,2
DA:53,1
DA:54,3
DA:55,1
DA:58,1
DA:59,2
DA:60,1
DA:63,1
DA:64,1
DA:65,1
DA:69,1
DA:70,5
DA:73,1
DA:75,2
DA:77,2
DA:80,2
DA:85,0
DA:86,0
DA:93,0
LF:33
LH:30
end_of_record
SF:lib/features/authentication/ui/signIn/widgets/email_input.dart
DA:12,0
DA:19,0
DA:23,0
DA:26,0
DA:27,0
DA:30,0
DA:31,0
DA:32,0
DA:33,0
DA:36,0
LF:10
LH:0
end_of_record
SF:lib/features/authentication/ui/signIn/widgets/password_input.dart
DA:12,0
DA:19,0
DA:21,0
DA:23,0
DA:24,0
DA:26,0
DA:27,0
DA:30,0
DA:31,0
DA:32,0
DA:33,0
DA:36,0
DA:37,0
DA:38,0
LF:14
LH:0
end_of_record
SF:lib/features/authentication/ui/signUp/ui/signup_view_model.dart
DA:14,4
DA:16,1
DA:17,1
DA:18,2
DA:19,1
DA:20,2
DA:21,1
DA:22,2
DA:25,1
DA:26,3
DA:30,4
DA:32,2
DA:33,4
DA:35,2
DA:36,6
DA:38,6
DA:41,0
DA:42,0
DA:44,0
DA:52,2
DA:53,6
DA:54,1
DA:58,1
DA:59,3
DA:62,1
DA:64,2
DA:66,4
DA:69,2
DA:72,2
DA:73,2
DA:79,0
DA:80,0
DA:88,0
LF:33
LH:27
end_of_record
SF:lib/features/authentication/ui/signUp/ui/widgets/email_sign_up.dart
DA:20,1
DA:29,1
DA:31,1
DA:32,1
DA:33,1
DA:35,1
DA:37,1
DA:38,2
DA:40,1
DA:41,0
DA:47,1
DA:48,1
DA:51,1
DA:53,0
DA:55,0
DA:58,0
DA:69,1
DA:70,1
DA:73,1
DA:74,1
DA:76,2
DA:77,1
DA:78,1
DA:79,0
DA:80,1
DA:83,1
DA:84,0
DA:85,2
DA:90,1
DA:91,1
DA:92,1
DA:94,1
DA:95,1
DA:97,1
DA:98,1
DA:99,1
DA:100,0
DA:101,1
DA:104,1
DA:105,0
DA:106,2
LF:41
LH:33
end_of_record
SF:lib/features/authentication/ui/signUp/ui/widgets/requirements_popup.dart
DA:9,13
DA:11,1
DA:13,1
DA:15,1
DA:16,4
DA:28,1
DA:30,1
DA:31,1
DA:33,3
DA:35,1
DA:36,1
DA:38,3
DA:40,1
DA:41,1
DA:43,3
DA:45,1
DA:46,1
DA:48,3
DA:50,1
DA:51,1
DA:53,3
DA:71,1
DA:77,1
DA:78,1
DA:79,1
DA:80,1
DA:81,1
DA:82,1
DA:84,1
DA:85,1
DA:86,1
DA:87,1
DA:88,1
DA:90,1
LF:34
LH:34
end_of_record
SF:lib/features/shared/utilities/custom_portal_target.dart
DA:23,1
DA:38,1
DA:39,1
DA:40,1
DA:41,1
DA:42,1
DA:44,2
DA:45,1
DA:46,1
DA:47,1
DA:50,1
DA:51,2
DA:52,1
DA:53,1
DA:54,1
DA:56,2
DA:59,4
DA:62,0
DA:63,1
DA:65,1
DA:70,0
DA:71,1
DA:84,1
DA:91,1
DA:92,1
DA:93,1
DA:94,1
DA:96,1
DA:100,1
LF:29
LH:27
end_of_record
SF:lib/features/shared/utilities/common_box_shadow.dart
DA:5,78
DA:7,1
DA:10,1
DA:11,1
DA:13,1
DA:16,1
LF:6
LH:6
end_of_record
SF:lib/features/entry/ui/entry_view_model.dart
DA:24,2
DA:26,6
DA:28,2
DA:30,1
DA:31,6
DA:34,6
DA:36,6
DA:38,2
DA:40,3
DA:42,2
DA:44,1
DA:47,1
DA:48,1
DA:49,1
DA:52,1
DA:53,3
DA:54,3
DA:55,5
DA:58,1
DA:59,2
DA:60,1
DA:63,1
DA:64,1
DA:65,1
DA:68,1
DA:69,1
DA:70,1
DA:74,1
DA:75,1
DA:76,2
DA:77,1
DA:79,3
DA:83,1
DA:86,1
DA:88,2
DA:93,0
DA:94,0
DA:102,0
DA:103,0
DA:107,0
DA:110,0
DA:111,0
DA:116,0
DA:117,0
DA:125,1
DA:126,2
LF:46
LH:37
end_of_record
SF:lib/features/journal/ui/journal_view_model.dart
DA:19,2
DA:21,1
DA:22,2
DA:25,1
DA:26,2
DA:29,1
DA:30,2
DA:33,1
DA:34,2
DA:37,1
DA:38,2
DA:41,3
DA:43,1
DA:44,1
DA:45,1
DA:46,1
DA:49,1
DA:50,2
DA:52,1
DA:54,2
DA:55,1
DA:57,3
DA:63,0
DA:64,0
DA:66,0
DA:69,0
DA:72,0
DA:75,0
DA:77,0
DA:81,0
DA:82,0
DA:90,1
DA:91,2
DA:96,1
DA:97,1
DA:101,1
DA:105,1
DA:106,3
DA:107,1
DA:111,1
DA:112,2
DA:113,1
DA:116,1
DA:117,2
DA:118,1
DA:121,1
DA:122,2
DA:123,1
DA:126,1
DA:127,2
DA:128,1
DA:131,1
DA:132,2
DA:133,1
DA:138,1
DA:139,7
DA:142,1
DA:143,7
LF:58
LH:49
end_of_record
SF:lib/features/journal/ui/widget/add_button.dart
DA:7,0
DA:12,0
DA:16,0
DA:17,0
DA:18,0
LF:5
LH:0
end_of_record
SF:lib/features/journal/ui/widget/filter_button.dart
DA:8,13
DA:10,0
DA:12,0
DA:13,0
DA:14,0
DA:15,0
DA:19,0
DA:23,0
DA:24,0
DA:25,0
DA:27,0
DA:28,0
DA:29,0
DA:31,0
DA:32,0
LF:15
LH:1
end_of_record
SF:lib/features/journal/ui/widget/journal_entry_card.dart
DA:17,0
DA:23,0
DA:25,0
DA:27,0
DA:28,0
DA:29,0
DA:31,0
DA:32,0
DA:35,0
DA:36,0
DA:37,0
DA:39,0
DA:40,0
DA:46,0
DA:47,0
DA:48,0
DA:50,0
DA:51,0
LF:18
LH:0
end_of_record
SF:lib/features/journal/ui/widget/mood_type_counter.dart
DA:16,0
DA:22,0
DA:24,0
DA:25,0
DA:26,0
DA:27,0
DA:28,0
DA:29,0
DA:30,0
DA:32,0
DA:33,0
DA:34,0
LF:12
LH:0
end_of_record
SF:lib/features/journal/ui/widget/side_menu.dart
DA:8,0
DA:12,0
DA:13,0
DA:15,0
DA:16,0
DA:17,0
DA:18,0
DA:19,0
DA:20,0
DA:22,0
DA:23,0
DA:24,0
DA:29,0
DA:34,0
DA:35,0
DA:36,0
DA:37,0
DA:38,0
LF:18
LH:0
end_of_record
SF:lib/features/shared/utilities/resource_clean_up.dart
DA:7,0
DA:9,1
DA:11,2
DA:14,2
DA:16,2
LF:5
LH:4
end_of_record
SF:lib/features/journal/ui/widget/date_tile.dart
DA:7,0
DA:9,0
DA:11,0
DA:12,0
DA:13,0
DA:20,0
DA:23,0
DA:29,0
DA:30,0
LF:9
LH:0
end_of_record
SF:lib/features/journal/ui/widget/filter_button_model.dart
DA:7,0
DA:9,0
DA:11,0
DA:12,0
DA:13,0
DA:14,0
DA:15,0
DA:18,0
DA:19,0
DA:20,0
LF:10
LH:0
end_of_record
SF:lib/features/journal/ui/widget/journal_content.dart
DA:10,0
DA:17,0
DA:19,0
DA:20,0
DA:21,0
DA:27,0
DA:29,0
DA:30,0
DA:31,0
DA:36,0
DA:40,0
DA:41,0
LF:12
LH:0
end_of_record
SF:lib/features/journal/ui/widget/mood_tile.dart
DA:11,0
DA:16,0
DA:18,0
DA:19,0
DA:20,0
DA:26,0
DA:29,0
DA:30,0
DA:31,0
DA:32,0
DA:33,0
DA:35,0
DA:36,0
DA:37,0
DA:38,0
DA:39,0
LF:16
LH:0
end_of_record
SF:lib/features/mood/ui/mood_view_model.dart
DA:13,2
DA:15,2
DA:17,3
DA:18,1
DA:19,2
DA:20,1
DA:21,1
DA:22,1
DA:23,1
DA:25,1
DA:29,1
DA:30,1
DA:31,1
DA:34,1
DA:35,1
DA:36,1
LF:16
LH:16
end_of_record
SF:lib/features/mood/ui/widgets/cancel_button.dart
DA:7,0
DA:13,0
DA:15,0
DA:16,0
DA:17,0
DA:19,0
LF:6
LH:0
end_of_record
SF:lib/features/mood/ui/widgets/mood_card.dart
DA:13,0
DA:21,0
DA:23,0
DA:24,0
DA:25,0
DA:26,0
DA:27,0
DA:34,0
DA:35,0
DA:36,0
DA:39,0
DA:41,0
DA:42,0
DA:44,0
DA:45,0
DA:46,0
DA:47,0
DA:50,0
DA:52,0
DA:53,0
DA:54,0
LF:21
LH:0
end_of_record
SF:lib/features/profile/edit_profile/edit_profile_view_model.dart
DA:38,3
DA:40,3
DA:42,3
DA:44,3
DA:46,6
DA:50,2
DA:52,2
DA:54,2
DA:56,2
DA:58,2
DA:62,2
DA:64,1
DA:65,1
DA:66,2
DA:67,1
DA:68,2
DA:69,1
DA:70,2
DA:72,1
DA:73,3
DA:74,3
DA:75,3
DA:76,5
DA:78,1
DA:79,1
DA:80,1
DA:81,1
DA:84,1
DA:85,3
DA:88,3
DA:89,3
DA:90,3
DA:91,3
DA:93,2
DA:94,2
DA:95,2
DA:96,2
DA:101,1
DA:102,2
DA:103,2
DA:104,1
DA:107,1
DA:108,2
DA:109,2
DA:110,1
DA:113,1
DA:114,2
DA:115,2
DA:116,1
DA:119,1
DA:121,2
DA:123,1
DA:125,2
DA:127,1
DA:130,1
DA:131,1
DA:132,1
DA:135,1
DA:136,2
DA:137,2
DA:138,2
DA:139,2
DA:142,1
DA:143,1
DA:145,4
DA:146,4
DA:147,3
DA:148,2
DA:152,2
DA:155,1
DA:158,0
DA:159,0
LF:72
LH:70
end_of_record
SF:lib/features/profile/edit_profile/model/updated_user.dart
DA:9,13
DA:16,0
DA:18,0
DA:19,0
DA:21,0
DA:23,0
LF:6
LH:1
end_of_record
SF:lib/features/profile/edit_profile/model/updated_user.g.dart
DA:9,0
DA:10,0
DA:11,0
DA:12,0
DA:13,0
DA:14,0
DA:16,0
DA:17,0
DA:18,0
DA:19,0
DA:20,0
DA:21,0
DA:22,0
LF:13
LH:0
end_of_record
SF:lib/features/profile/profile_settings/ui/delete_profile_dialog_view.dart
DA:15,0
DA:17,0
DA:19,0
DA:20,0
DA:21,0
DA:24,0
DA:27,0
DA:28,0
DA:30,0
DA:32,0
DA:35,0
DA:36,0
DA:37,0
DA:38,0
DA:42,0
DA:43,0
DA:45,0
DA:50,0
DA:52,0
DA:53,0
DA:58,0
DA:59,0
DA:60,0
DA:71,0
DA:72,0
DA:73,0
DA:74,0
DA:75,0
DA:76,0
DA:77,0
DA:79,0
DA:80,0
DA:82,0
DA:83,0
DA:91,0
DA:93,0
DA:94,0
DA:95,0
DA:96,0
DA:97,0
DA:98,0
DA:99,0
DA:100,0
DA:101,0
DA:102,0
DA:103,0
DA:106,0
DA:108,0
DA:110,0
DA:114,0
DA:116,0
DA:119,0
DA:120,0
DA:121,0
DA:123,0
LF:55
LH:0
end_of_record
SF:lib/features/profile/profile_settings/ui/delete_profile_dialog_view_model.dart
DA:21,2
DA:23,0
DA:25,5
DA:27,3
DA:29,3
DA:31,1
DA:32,1
DA:33,3
DA:34,1
DA:37,1
DA:38,2
DA:40,2
DA:44,1
DA:45,3
DA:48,1
DA:51,0
DA:52,0
DA:62,0
LF:18
LH:14
end_of_record
SF:lib/features/profile/profile_settings/ui/profile_settings_view_model.dart
DA:10,1
DA:11,2
DA:14,6
DA:16,3
DA:18,1
DA:19,1
DA:20,1
DA:23,1
DA:24,2
LF:9
LH:9
end_of_record
SF:lib/features/profile/profile_settings/ui/widgets/delete_profile_section.dart
DA:7,13
DA:9,0
DA:11,0
DA:21,0
DA:25,0
DA:26,0
LF:6
LH:1
end_of_record
SF:lib/features/profile/profile_settings/ui/widgets/edit_profile_list_tile.dart
DA:11,0
DA:17,0
DA:19,0
DA:20,0
DA:21,0
DA:31,0
DA:32,0
DA:33,0
DA:35,0
DA:36,0
DA:46,0
DA:47,0
DA:50,0
DA:51,0
DA:52,0
DA:58,0
DA:59,0
DA:60,0
DA:61,0
DA:63,0
LF:20
LH:0
end_of_record
SF:lib/features/profile/profile_settings/ui/widgets/delete_account_list_tile.dart
DA:9,13
DA:11,0
DA:13,0
DA:14,0
DA:15,0
DA:25,0
DA:26,0
DA:27,0
DA:30,0
DA:38,0
DA:39,0
DA:41,0
DA:43,0
LF:13
LH:1
end_of_record
